<?xml version="1.0" encoding="UTF-8"?>
<testsuite xmlns:xsi="http://www.w3.org/2001/XMLSchema-instance" xsi:noNamespaceSchemaLocation="https://maven.apache.org/surefire/maven-surefire-plugin/xsd/surefire-test-report.xsd" version="3.0.2" name="lipid.ElutionOrderTest" time="1.179" tests="9" errors="0" skipped="0" failures="0">
  <properties>
[...]
</properties>
  <testcase name="score1BasedOnRTCarbonNumbers" classname="lipid.ElutionOrderTest" time="1.129">
    <system-out><![CDATA[2025-05-16 11:42:31,033 [main] INFO  Creating RuleUnit
2025-05-16 11:42:31,879 [main] INFO  Insert data
2025-05-16 11:42:31,890 [main] INFO  Run query. Rules are also fired
Scored 1 for annotations: Annotation(TG 54:3, mz=885,7906, RT=10,00, adduct=null, intensity=10000000,0, score=1) and Annotation(TG 56:3, mz=913,8220, RT=11,00, adduct=null, intensity=1000000,0, score=1)
Scored 1 for annotations: Annotation(TG 52:3, mz=857,7593, RT=9,00, adduct=null, intensity=100000000,0, score=1) and Annotation(TG 54:3, mz=885,7906, RT=10,00, adduct=null, intensity=10000000,0, score=2)
Scored 1 for annotations: Annotation(TG 52:3, mz=857,7593, RT=9,00, adduct=null, intensity=100000000,0, score=2) and Annotation(TG 56:3, mz=913,8220, RT=11,00, adduct=null, intensity=1000000,0, score=2)
]]></system-out>
  </testcase>
  <testcase name="negativeScoreBasedOnNoExistentLipidType" classname="lipid.ElutionOrderTest" time="0.011">
    <system-out><![CDATA[2025-05-16 11:42:31,934 [main] INFO  Creating RuleUnit
2025-05-16 11:42:31,935 [main] INFO  Insert data
2025-05-16 11:42:31,935 [main] INFO  Run query. Rules are also fired
Comparando: PG (0) vs PC (5)
Esta comprobacion da mal
Comparando: FA (null) vs PC (5)
Comparando: FA (null) vs PG (0)
Comparando: PC (5) vs PG (0)
Esta comprobacion da bien
Comparando: PC (5) vs FA (null)
Comparando: PG (0) vs FA (null)
Scored 1 for annotations: Annotation(PG 34:0, mz=751,5484, RT=9,00, adduct=null, intensity=100000000,0, score=-1) and Annotation(PC 34:0, mz=913,8220, RT=8,00, adduct=null, intensity=1000000,0, score=-1)
]]></system-out>
    <system-err><![CDATA[Uno de los tipos de lípido no está en la lista válida.
Uno de los tipos de lípido no está en la lista válida.
Uno de los tipos de lípido no está en la lista válida.
Uno de los tipos de lípido no está en la lista válida.
]]></system-err>
  </testcase>
  <testcase name="negativeScoreBasedOnRTNumberOfCarbons" classname="lipid.ElutionOrderTest" time="0.006">
    <system-out><![CDATA[2025-05-16 11:42:31,943 [main] INFO  Creating RuleUnit
2025-05-16 11:42:31,944 [main] INFO  Insert data
2025-05-16 11:42:31,944 [main] INFO  Run query. Rules are also fired
Comparando: PG (0) vs PC (5)
Esta comprobacion da mal
Comparando: PI (2) vs PC (5)
Esta comprobacion da mal
Comparando: PI (2) vs PG (0)
Esta comprobacion da bien
Scored 1 for annotations: Annotation(PG 34:0, mz=751,5484, RT=9,00, adduct=null, intensity=100000000,0, score=1) and Annotation(PI 34:0, mz=839,5644, RT=10,00, adduct=null, intensity=10000000,0, score=1)
Comparando: PC (5) vs PG (0)
Esta comprobacion da bien
Comparando: PC (5) vs PI (2)
Esta comprobacion da bien
Comparando: PG (0) vs PI (2)
Esta comprobacion da mal
Scored 1 for annotations: Annotation(PI 34:0, mz=839,5644, RT=10,00, adduct=null, intensity=10000000,0, score=0) and Annotation(PC 34:0, mz=913,8220, RT=8,00, adduct=null, intensity=1000000,0, score=-1)
Scored 1 for annotations: Annotation(PG 34:0, mz=751,5484, RT=9,00, adduct=null, intensity=100000000,0, score=0) and Annotation(PC 34:0, mz=913,8220, RT=8,00, adduct=null, intensity=1000000,0, score=-2)
]]></system-out>
  </testcase>
  <testcase name="negativeScoreBasedOnRTDoubleBonds" classname="lipid.ElutionOrderTest" time="0.002">
    <system-out><![CDATA[2025-05-16 11:42:31,948 [main] INFO  Creating RuleUnit
2025-05-16 11:42:31,949 [main] INFO  Insert data
2025-05-16 11:42:31,949 [main] INFO  Run query. Rules are also fired
Scored 1 for annotations: Annotation(TG 54:4, mz=883,7749, RT=9,00, adduct=null, intensity=100000000,0, score=1) and Annotation(TG 54:3, mz=885,7906, RT=10,00, adduct=null, intensity=10000000,0, score=1)
Scored 1 for annotations: Annotation(TG 54:3, mz=885,7906, RT=10,00, adduct=null, intensity=10000000,0, score=0) and Annotation(TG 54:2, mz=887,8062, RT=8,00, adduct=null, intensity=1000000,0, score=-1)
Scored 1 for annotations: Annotation(TG 54:4, mz=883,7749, RT=9,00, adduct=null, intensity=100000000,0, score=0) and Annotation(TG 54:2, mz=887,8062, RT=8,00, adduct=null, intensity=1000000,0, score=-2)
]]></system-out>
  </testcase>
  <testcase name="score1BasedOnRT" classname="lipid.ElutionOrderTest" time="0.002">
    <system-out><![CDATA[2025-05-16 11:42:31,953 [main] INFO  Creating RuleUnit
2025-05-16 11:42:31,954 [main] INFO  Insert data
2025-05-16 11:42:31,954 [main] INFO  Run query. Rules are also fired
Scored 1 for annotations: Annotation(TG 54:3, mz=885,7906, RT=10,00, adduct=null, intensity=10000000,0, score=1) and Annotation(TG 56:3, mz=913,8220, RT=11,00, adduct=null, intensity=1000000,0, score=1)
Scored 1 for annotations: Annotation(TG 52:3, mz=857,7593, RT=9,00, adduct=null, intensity=100000000,0, score=1) and Annotation(TG 54:3, mz=885,7906, RT=10,00, adduct=null, intensity=10000000,0, score=2)
Scored 1 for annotations: Annotation(TG 52:3, mz=857,7593, RT=9,00, adduct=null, intensity=100000000,0, score=2) and Annotation(TG 56:3, mz=913,8220, RT=11,00, adduct=null, intensity=1000000,0, score=2)
]]></system-out>
  </testcase>
  <testcase name="score1BasedOnLipidTypeMultiple" classname="lipid.ElutionOrderTest" time="0.013">
    <system-out><![CDATA[2025-05-16 11:42:31,955 [main] INFO  Creating RuleUnit
2025-05-16 11:42:31,955 [main] INFO  Insert data
2025-05-16 11:42:31,956 [main] INFO  Run query. Rules are also fired
Comparando: PC (5) vs PC (5)
Esta comprobacion da mal
Comparando: PS (4) vs PC (5)
Esta comprobacion da mal
Comparando: PA (3) vs PC (5)
Esta comprobacion da mal
Comparando: PI (2) vs PC (5)
Esta comprobacion da mal
Comparando: PE (1) vs PC (5)
Esta comprobacion da mal
Comparando: PG (0) vs PC (5)
Esta comprobacion da mal
Comparando: PC (5) vs PS (4)
Esta comprobacion da bien
Comparando: PC (5) vs PA (3)
Esta comprobacion da bien
Comparando: PS (4) vs PA (3)
Esta comprobacion da bien
Comparando: PC (5) vs PI (2)
Esta comprobacion da bien
Comparando: PS (4) vs PI (2)
Esta comprobacion da bien
Comparando: PA (3) vs PI (2)
Esta comprobacion da bien
Comparando: PC (5) vs PE (1)
Esta comprobacion da bien
Comparando: PS (4) vs PE (1)
Esta comprobacion da bien
Comparando: PA (3) vs PE (1)
Esta comprobacion da bien
Comparando: PI (2) vs PE (1)
Esta comprobacion da bien
Comparando: PC (5) vs PG (0)
Esta comprobacion da bien
Comparando: PS (4) vs PG (0)
Esta comprobacion da bien
Comparando: PA (3) vs PG (0)
Esta comprobacion da bien
Comparando: PI (2) vs PG (0)
Esta comprobacion da bien
Comparando: PE (1) vs PG (0)
Esta comprobacion da bien
Scored 1 for annotations: Annotation(PI 34:0, mz=839,5644, RT=10,00, adduct=null, intensity=10000000,0, score=1) and Annotation(PE 34:0, mz=751,5484, RT=11,00, adduct=null, intensity=100000000,0, score=1)
Scored 1 for annotations: Annotation(PI 34:0, mz=839,5644, RT=10,00, adduct=null, intensity=10000000,0, score=2) and Annotation(PI 34:0, mz=913,8220, RT=12,00, adduct=null, intensity=1000000,0, score=1)
Scored 1 for annotations: Annotation(PI 34:0, mz=839,5644, RT=10,00, adduct=null, intensity=10000000,0, score=3) and Annotation(PA 34:0, mz=839,5644, RT=13,00, adduct=null, intensity=10000000,0, score=1)
Scored 1 for annotations: Annotation(PI 34:0, mz=839,5644, RT=10,00, adduct=null, intensity=10000000,0, score=4) and Annotation(PS 34:0, mz=751,5484, RT=14,00, adduct=null, intensity=100000000,0, score=1)
Scored 1 for annotations: Annotation(PI 34:0, mz=839,5644, RT=10,00, adduct=null, intensity=10000000,0, score=5) and Annotation(PC 34:0, mz=913,8220, RT=17,00, adduct=null, intensity=1000000,0, score=1)
Scored 1 for annotations: Annotation(PE 34:0, mz=751,5484, RT=11,00, adduct=null, intensity=100000000,0, score=2) and Annotation(PI 34:0, mz=913,8220, RT=12,00, adduct=null, intensity=1000000,0, score=2)
Scored 1 for annotations: Annotation(PE 34:0, mz=751,5484, RT=11,00, adduct=null, intensity=100000000,0, score=3) and Annotation(PA 34:0, mz=839,5644, RT=13,00, adduct=null, intensity=10000000,0, score=2)
Scored 1 for annotations: Annotation(PE 34:0, mz=751,5484, RT=11,00, adduct=null, intensity=100000000,0, score=4) and Annotation(PS 34:0, mz=751,5484, RT=14,00, adduct=null, intensity=100000000,0, score=2)
Scored 1 for annotations: Annotation(PE 34:0, mz=751,5484, RT=11,00, adduct=null, intensity=100000000,0, score=5) and Annotation(PC 34:0, mz=913,8220, RT=17,00, adduct=null, intensity=1000000,0, score=2)
Scored 1 for annotations: Annotation(PI 34:0, mz=913,8220, RT=12,00, adduct=null, intensity=1000000,0, score=3) and Annotation(PA 34:0, mz=839,5644, RT=13,00, adduct=null, intensity=10000000,0, score=3)
Scored 1 for annotations: Annotation(PI 34:0, mz=913,8220, RT=12,00, adduct=null, intensity=1000000,0, score=4) and Annotation(PS 34:0, mz=751,5484, RT=14,00, adduct=null, intensity=100000000,0, score=3)
Scored 1 for annotations: Annotation(PI 34:0, mz=913,8220, RT=12,00, adduct=null, intensity=1000000,0, score=5) and Annotation(PC 34:0, mz=913,8220, RT=17,00, adduct=null, intensity=1000000,0, score=3)
Scored 1 for annotations: Annotation(PA 34:0, mz=839,5644, RT=13,00, adduct=null, intensity=10000000,0, score=4) and Annotation(PS 34:0, mz=751,5484, RT=14,00, adduct=null, intensity=100000000,0, score=4)
Scored 1 for annotations: Annotation(PA 34:0, mz=839,5644, RT=13,00, adduct=null, intensity=10000000,0, score=5) and Annotation(PC 34:0, mz=913,8220, RT=17,00, adduct=null, intensity=1000000,0, score=4)
Scored 1 for annotations: Annotation(PS 34:0, mz=751,5484, RT=14,00, adduct=null, intensity=100000000,0, score=5) and Annotation(PC 34:0, mz=913,8220, RT=17,00, adduct=null, intensity=1000000,0, score=5)
Comparando: PC (5) vs PC (5)
Esta comprobacion da mal
Comparando: PS (4) vs PC (5)
Esta comprobacion da mal
Comparando: PA (3) vs PC (5)
Esta comprobacion da mal
Comparando: PI (2) vs PC (5)
Esta comprobacion da mal
Comparando: PE (1) vs PC (5)
Esta comprobacion da mal
Comparando: PG (0) vs PC (5)
Esta comprobacion da mal
Comparando: PC (5) vs PS (4)
Esta comprobacion da bien
Comparando: PA (3) vs PS (4)
Esta comprobacion da mal
Comparando: PI (2) vs PS (4)
Esta comprobacion da mal
Comparando: PE (1) vs PS (4)
Esta comprobacion da mal
Comparando: PG (0) vs PS (4)
Esta comprobacion da mal
Comparando: PC (5) vs PA (3)
Esta comprobacion da bien
Comparando: PI (2) vs PA (3)
Esta comprobacion da mal
Comparando: PE (1) vs PA (3)
Esta comprobacion da mal
Comparando: PG (0) vs PA (3)
Esta comprobacion da mal
Comparando: PC (5) vs PI (2)
Esta comprobacion da bien
Comparando: PE (1) vs PI (2)
Esta comprobacion da mal
Comparando: PG (0) vs PI (2)
Esta comprobacion da mal
Comparando: PC (5) vs PE (1)
Esta comprobacion da bien
Comparando: PG (0) vs PE (1)
Esta comprobacion da mal
Comparando: PC (5) vs PG (0)
Esta comprobacion da bien
Scored 1 for annotations: Annotation(PI 34:0, mz=839,5644, RT=10,00, adduct=null, intensity=10000000,0, score=4) and Annotation(PC 34:0, mz=913,8220, RT=1,00, adduct=null, intensity=1000000,0, score=-1)
Scored 1 for annotations: Annotation(PE 34:0, mz=751,5484, RT=11,00, adduct=null, intensity=100000000,0, score=4) and Annotation(PC 34:0, mz=913,8220, RT=1,00, adduct=null, intensity=1000000,0, score=-2)
Scored 1 for annotations: Annotation(PI 34:0, mz=913,8220, RT=12,00, adduct=null, intensity=1000000,0, score=4) and Annotation(PC 34:0, mz=913,8220, RT=1,00, adduct=null, intensity=1000000,0, score=-3)
Scored 1 for annotations: Annotation(PA 34:0, mz=839,5644, RT=13,00, adduct=null, intensity=10000000,0, score=4) and Annotation(PC 34:0, mz=913,8220, RT=1,00, adduct=null, intensity=1000000,0, score=-4)
Scored 1 for annotations: Annotation(PS 34:0, mz=751,5484, RT=14,00, adduct=null, intensity=100000000,0, score=4) and Annotation(PC 34:0, mz=913,8220, RT=1,00, adduct=null, intensity=1000000,0, score=-5)
]]></system-out>
  </testcase>
  <testcase name="score1BasedOnRTDoubleBonds" classname="lipid.ElutionOrderTest" time="0.001">
    <system-out><![CDATA[2025-05-16 11:42:31,967 [main] INFO  Creating RuleUnit
2025-05-16 11:42:31,967 [main] INFO  Insert data
2025-05-16 11:42:31,967 [main] INFO  Run query. Rules are also fired
Scored 1 for annotations: Annotation(TG 54:3, mz=885,7906, RT=10,00, adduct=null, intensity=10000000,0, score=1) and Annotation(TG 54:2, mz=887,8062, RT=11,00, adduct=null, intensity=1000000,0, score=1)
Scored 1 for annotations: Annotation(TG 54:4, mz=883,7749, RT=9,00, adduct=null, intensity=100000000,0, score=1) and Annotation(TG 54:3, mz=885,7906, RT=10,00, adduct=null, intensity=10000000,0, score=2)
Scored 1 for annotations: Annotation(TG 54:4, mz=883,7749, RT=9,00, adduct=null, intensity=100000000,0, score=2) and Annotation(TG 54:2, mz=887,8062, RT=11,00, adduct=null, intensity=1000000,0, score=2)
]]></system-out>
  </testcase>
  <testcase name="negativeScoreBasedOnLipidType" classname="lipid.ElutionOrderTest" time="0.007">
    <system-out><![CDATA[2025-05-16 11:42:31,970 [main] INFO  Creating RuleUnit
2025-05-16 11:42:31,971 [main] INFO  Insert data
2025-05-16 11:42:31,971 [main] INFO  Run query. Rules are also fired
Scored 1 for annotations: Annotation(TG 52:3, mz=857,7593, RT=9,00, adduct=null, intensity=100000000,0, score=1) and Annotation(TG 54:3, mz=885,7906, RT=10,00, adduct=null, intensity=10000000,0, score=1)
Scored 1 for annotations: Annotation(TG 54:3, mz=885,7906, RT=10,00, adduct=null, intensity=10000000,0, score=0) and Annotation(TG 56:3, mz=913,8220, RT=8,00, adduct=null, intensity=1000000,0, score=-1)
Scored 1 for annotations: Annotation(TG 52:3, mz=857,7593, RT=9,00, adduct=null, intensity=100000000,0, score=0) and Annotation(TG 56:3, mz=913,8220, RT=8,00, adduct=null, intensity=1000000,0, score=-2)
]]></system-out>
  </testcase>
  <testcase name="score1BasedOnLipidType" classname="lipid.ElutionOrderTest" time="0.004">
    <system-out><![CDATA[2025-05-16 11:42:31,977 [main] INFO  Creating RuleUnit
2025-05-16 11:42:31,978 [main] INFO  Insert data
2025-05-16 11:42:31,978 [main] INFO  Run query. Rules are also fired
Comparando: PC (5) vs PG (0)
Esta comprobacion da bien
Comparando: PI (2) vs PG (0)
Esta comprobacion da bien
Comparando: PC (5) vs PI (2)
Esta comprobacion da bien
Scored 1 for annotations: Annotation(PI 34:0, mz=839,5644, RT=10,00, adduct=null, intensity=10000000,0, score=1) and Annotation(PC 34:0, mz=913,8220, RT=11,00, adduct=null, intensity=1000000,0, score=1)
Scored 1 for annotations: Annotation(PG 34:0, mz=751,5484, RT=9,00, adduct=null, intensity=100000000,0, score=1) and Annotation(PI 34:0, mz=839,5644, RT=10,00, adduct=null, intensity=10000000,0, score=2)
Scored 1 for annotations: Annotation(PG 34:0, mz=751,5484, RT=9,00, adduct=null, intensity=100000000,0, score=2) and Annotation(PC 34:0, mz=913,8220, RT=11,00, adduct=null, intensity=1000000,0, score=2)
Comparando: PG (0) vs PC (5)
Esta comprobacion da mal
Comparando: PI (2) vs PC (5)
Esta comprobacion da mal
Comparando: PG (0) vs PI (2)
Esta comprobacion da mal
]]></system-out>
  </testcase>
</testsuite>